<?xml version="1.0" encoding="UTF-8"?>
<testsuites name="jest tests" tests="5" failures="0" errors="0" time="1.052">
  <testsuite name="GetQueriesMysql class test" errors="0" failures="0" skipped="0" timestamp="2023-05-22T19:23:07" time="0.684" tests="3">
    <testcase classname="GetQueriesMysql class test test getQuestion method happy path" name="GetQueriesMysql class test test getQuestion method happy path" time="0.003">
    </testcase>
    <testcase classname="GetQueriesMysql class test test getOptions method happy path" name="GetQueriesMysql class test test getOptions method happy path" time="0.001">
    </testcase>
    <testcase classname="GetQueriesMysql class test test getQuestionnaire method happy path" name="GetQueriesMysql class test test getQuestionnaire method happy path" time="0">
    </testcase>
  </testsuite>
  <testsuite name="Tests for delete questions and options method " errors="0" failures="0" skipped="0" timestamp="2023-05-22T19:23:07" time="0.204" tests="2">
    <testcase classname="Tests for delete questions and options method  deleteQuestion method generates the correct query" name="Tests for delete questions and options method  deleteQuestion method generates the correct query" time="0.003">
    </testcase>
    <testcase classname="Tests for delete questions and options method  deleteOptions method generates the correct query" name="Tests for delete questions and options method  deleteOptions method generates the correct query" time="0.001">
    </testcase>
  </testsuite>
</testsuites>